<?xml version="1.0" encoding="UTF-8"?>
<!-- Generated by org.testng.reporters.JUnitReportReporter -->
<testsuite hostname="Dharun" failures="0" tests="8" name="day9.task1" time="0.024" errors="0" timestamp="2023-05-02T10:12:48 IST" skipped="0">
  <testcase classname="day9.task1" name="Add" time="0.011"/>
  <system-out/>
  <testcase classname="day9.task1" name="Add" time="0.002"/>
  <system-out/>
  <testcase classname="day9.task1" name="div" time="0.002"/>
  <system-out/>
  <testcase classname="day9.task1" name="Sub" time="0.002"/>
  <system-out/>
  <testcase classname="day9.task1" name="div" time="0.002"/>
  <system-out/>
  <testcase classname="day9.task1" name="Multi" time="0.003"/>
  <system-out/>
  <testcase classname="day9.task1" name="Multi" time="0.001"/>
  <system-out/>
  <testcase classname="day9.task1" name="Sub" time="0.001"/>
  <system-out/>
</testsuite> <!-- day9.task1 -->
