<?xml version="1.0" encoding="UTF-8"?>
<!-- Generated by org.testng.reporters.JUnitReportReporter -->
<testsuite hostname="Dharun" failures="0" tests="1" name="day9.task4" time="41.015" errors="0" timestamp="2023-05-02T14:52:26 IST" skipped="0">
  <testcase classname="day9.task4" name="f" time="41.015"/>
  <system-out/>
</testsuite> <!-- day9.task4 -->
