<?xml version="1.0" encoding="UTF-8"?>
<!-- Generated by org.testng.reporters.JUnitReportReporter -->
<testsuite hostname="Dharun" failures="0" tests="4" name="pack.task2" time="0.016" errors="0" timestamp="2023-04-27T12:22:45 IST" skipped="0">
  <testcase classname="pack.task2" name="mul" time="0.002"/>
  <system-out/>
  <testcase classname="pack.task2" name="sub" time="0.001"/>
  <system-out/>
  <testcase classname="pack.task2" name="add" time="0.011"/>
  <system-out/>
  <testcase classname="pack.task2" name="div" time="0.002"/>
  <system-out/>
</testsuite> <!-- pack.task2 -->
