<?xml version="1.0" encoding="UTF-8"?>
<!-- Generated by org.testng.reporters.JUnitReportReporter -->
<testsuite hostname="Dharun" failures="0" tests="2" name="pack.task4" time="28.998" errors="0" timestamp="2023-04-27T15:15:12 IST" skipped="0">
  <testcase classname="pack.task4" name="Signout" time="7.396"/>
  <system-out/>
  <testcase classname="pack.task4" name="LoginPage" time="21.602"/>
  <system-out/>
</testsuite> <!-- pack.task4 -->
