<?xml version="1.0" encoding="UTF-8"?>
<!-- Generated by org.testng.reporters.JUnitReportReporter -->
<testsuite hostname="Dharun" failures="0" tests="1" name="pack.task1" time="60.821" errors="0" timestamp="2023-04-27T12:02:27 IST" skipped="0">
  <testcase classname="pack.task1" name="f" time="60.821"/>
  <system-out/>
</testsuite> <!-- pack.task1 -->
