<?xml version="1.0" encoding="UTF-8"?>
<!-- Generated by org.testng.reporters.JUnitReportReporter -->
<testsuite hostname="Dharun" failures="0" tests="1" name="pack.day7" time="0.011" errors="0" timestamp="2023-04-27T11:28:49 IST" skipped="0">
  <testcase classname="pack.day7" name="f" time="0.011"/>
  <system-out/>
</testsuite> <!-- pack.day7 -->
