<?xml version="1.0" encoding="UTF-8"?>
<!-- Generated by org.testng.reporters.JUnitReportReporter -->
<testsuite hostname="Dharun" failures="0" tests="1" name="task3" time="18.850" errors="0" timestamp="2023-04-27T14:27:04 IST" skipped="0">
  <testcase classname="task3" name="f" time="18.850"/>
  <system-out/>
</testsuite> <!-- task3 -->
