<?xml version="1.0" encoding="UTF-8"?>
<!-- Generated by org.testng.reporters.JUnitReportReporter -->
<testsuite hostname="Dharun" failures="0" tests="1" name="day9.task5" time="19.151" errors="0" timestamp="2023-05-02T15:13:40 IST" skipped="0">
  <testcase classname="day9.task5" name="Case1" time="19.151"/>
  <system-out/>
</testsuite> <!-- day9.task5 -->
